<?xml version="1.0" encoding="UTF-8"?>
<!-- Generated by org.testng.reporters.JUnitReportReporter -->
<testsuite hostname="LTIN212763" failures="0" tests="2" name="TestCases.TC__02_SurgeryPage" time="3.544" errors="0" timestamp="2024-02-27T23:54:00 IST" skipped="0">
  <testcase classname="TestCases.TC__02_SurgeryPage" name="validation" time="0.160"/>
  <testcase classname="TestCases.TC__02_SurgeryPage" name="SurgeriesList" time="3.384"/>
</testsuite> <!-- TestCases.TC__02_SurgeryPage -->
