<?xml version="1.0" encoding="UTF-8"?>
<!-- Generated by org.testng.reporters.JUnitReportReporter -->
<testsuite hostname="LTIN212763" failures="0" tests="5" name="TestCases.TC__01_HomePage" time="33.435" errors="0" timestamp="2024-02-28T00:04:23 IST" skipped="0">
  <testcase classname="TestCases.TC__01_HomePage" name="checkDetails" time="0.032"/>
  <testcase classname="TestCases.TC__01_HomePage" name="validHomepage" time="0.067"/>
  <testcase classname="TestCases.TC__01_HomePage" name="AllFilters" time="22.256"/>
  <testcase classname="TestCases.TC__01_HomePage" name="searchDesiredoptionlocation" time="4.860"/>
  <testcase classname="TestCases.TC__01_HomePage" name="searchDesiredoptionspeciality" time="6.220"/>
</testsuite> <!-- TestCases.TC__01_HomePage -->
