<?xml version="1.0" encoding="UTF-8"?>
<!-- Generated by org.testng.reporters.JUnitReportReporter -->
<testsuite hostname="LTIN212763" failures="0" tests="2" name="TestCases.TC__02_SurgeryPage" time="7.514" errors="0" timestamp="2024-02-28T15:17:52 IST" skipped="0">
  <testcase classname="TestCases.TC__02_SurgeryPage" name="validation" time="0.232"/>
  <testcase classname="TestCases.TC__02_SurgeryPage" name="SurgeriesList" time="7.282"/>
</testsuite> <!-- TestCases.TC__02_SurgeryPage -->
